<?xml version="1.0"?>
<!DOCTYPE coverage SYSTEM "http://cobertura.sourceforge.net/xml/coverage-04.dtd">

<coverage line-rate="1.0" branch-rate="1.0" lines-covered="3" lines-valid="3" branches-covered="0" branches-valid="0" complexity="1.0" version="2.1.1" timestamp="1433966150284">
	<sources>
		<source>C:/Users/Jason/eclipse_workspace/cobertura_test/src/main/java</source>
		<source>--source</source>
	</sources>
	<packages>
		<package name="com.jason.cobertura_test" line-rate="1.0" branch-rate="1.0" complexity="1.0">
			<classes>
				<class name="com.jason.cobertura_test.App" filename="com/jason/cobertura_test/App.java" line-rate="1.0" branch-rate="1.0" complexity="1.0">
					<methods>
						<method name="&lt;init&gt;" signature="()V" line-rate="1.0" branch-rate="1.0" complexity="0">
							<lines>
								<line number="7" hits="1" branch="false"/>
							</lines>
						</method>
						<method name="main" signature="([Ljava/lang/String;)V" line-rate="1.0" branch-rate="1.0" complexity="0">
							<lines>
								<line number="11" hits="1" branch="false"/>
								<line number="12" hits="1" branch="false"/>
							</lines>
						</method>
					</methods>
					<lines>
						<line number="7" hits="1" branch="false"/>
						<line number="11" hits="1" branch="false"/>
						<line number="12" hits="1" branch="false"/>
					</lines>
				</class>
			</classes>
		</package>
	</packages>
</coverage>
